

Processing ApplicationController#index (for 127.0.0.1 at 2008-01-11 09:33:32) [GET]
  Session ID: df0daa4deb986feae13cd1fdb6c9570d
  Parameters: {}


ActionController::RoutingError (No route matches "/" with {:method=>:get}):
    /Library/Ruby/Gems/1.8/gems/actionpack-2.0.2/lib/action_controller/routing.rb:1441:in `recognize_path'
    /Library/Ruby/Gems/1.8/gems/actionpack-2.0.2/lib/action_controller/routing.rb:1424:in `recognize'
    /Library/Ruby/Gems/1.8/gems/actionpack-2.0.2/lib/action_controller/dispatcher.rb:170:in `handle_request'
    /Library/Ruby/Gems/1.8/gems/actionpack-2.0.2/lib/action_controller/dispatcher.rb:115:in `dispatch'
    /Library/Ruby/Gems/1.8/gems/actionpack-2.0.2/lib/action_controller/dispatcher.rb:126:in `dispatch_cgi'
    /Library/Ruby/Gems/1.8/gems/actionpack-2.0.2/lib/action_controller/dispatcher.rb:9:in `dispatch'
    /Library/Ruby/Gems/1.8/gems/mongrel-1.1.1/bin/../lib/mongrel/rails.rb:76:in `process'
    /Library/Ruby/Gems/1.8/gems/mongrel-1.1.1/bin/../lib/mongrel/rails.rb:74:in `synchronize'
    /Library/Ruby/Gems/1.8/gems/mongrel-1.1.1/bin/../lib/mongrel/rails.rb:74:in `process'
    /Library/Ruby/Gems/1.8/gems/mongrel-1.1.1/lib/mongrel.rb:155:in `process_client'
    /Library/Ruby/Gems/1.8/gems/mongrel-1.1.1/lib/mongrel.rb:154:in `each'
    /Library/Ruby/Gems/1.8/gems/mongrel-1.1.1/lib/mongrel.rb:154:in `process_client'
    /Library/Ruby/Gems/1.8/gems/mongrel-1.1.1/lib/mongrel.rb:281:in `run'
    /Library/Ruby/Gems/1.8/gems/mongrel-1.1.1/lib/mongrel.rb:281:in `initialize'
    /Library/Ruby/Gems/1.8/gems/mongrel-1.1.1/lib/mongrel.rb:281:in `new'
    /Library/Ruby/Gems/1.8/gems/mongrel-1.1.1/lib/mongrel.rb:281:in `run'
    /Library/Ruby/Gems/1.8/gems/mongrel-1.1.1/lib/mongrel.rb:264:in `initialize'
    /Library/Ruby/Gems/1.8/gems/mongrel-1.1.1/lib/mongrel.rb:264:in `new'
    /Library/Ruby/Gems/1.8/gems/mongrel-1.1.1/lib/mongrel.rb:264:in `run'
    /Library/Ruby/Gems/1.8/gems/mongrel-1.1.1/lib/mongrel/configurator.rb:282:in `run'
    /Library/Ruby/Gems/1.8/gems/mongrel-1.1.1/lib/mongrel/configurator.rb:281:in `each'
    /Library/Ruby/Gems/1.8/gems/mongrel-1.1.1/lib/mongrel/configurator.rb:281:in `run'
    /Library/Ruby/Gems/1.8/gems/mongrel-1.1.1/bin/mongrel_rails:128:in `run'
    /Library/Ruby/Gems/1.8/gems/mongrel-1.1.1/lib/mongrel/command.rb:212:in `run'
    /Library/Ruby/Gems/1.8/gems/mongrel-1.1.1/bin/mongrel_rails:281
    /Library/Ruby/Gems/1.8/gems/activesupport-2.0.2/lib/active_support/dependencies.rb:489:in `load'
    /Library/Ruby/Gems/1.8/gems/activesupport-2.0.2/lib/active_support/dependencies.rb:489:in `load'
    /Library/Ruby/Gems/1.8/gems/activesupport-2.0.2/lib/active_support/dependencies.rb:342:in `new_constants_in'
    /Library/Ruby/Gems/1.8/gems/activesupport-2.0.2/lib/active_support/dependencies.rb:489:in `load'
    /Library/Ruby/Gems/1.8/gems/rails-2.0.2/lib/commands/servers/mongrel.rb:64
    /System/Library/Frameworks/Ruby.framework/Versions/1.8/usr/lib/ruby/1.8/rubygems/custom_require.rb:27:in `gem_original_require'
    /System/Library/Frameworks/Ruby.framework/Versions/1.8/usr/lib/ruby/1.8/rubygems/custom_require.rb:27:in `require'
    /Library/Ruby/Gems/1.8/gems/activesupport-2.0.2/lib/active_support/dependencies.rb:496:in `require'
    /Library/Ruby/Gems/1.8/gems/activesupport-2.0.2/lib/active_support/dependencies.rb:342:in `new_constants_in'
    /Library/Ruby/Gems/1.8/gems/activesupport-2.0.2/lib/active_support/dependencies.rb:496:in `require'
    /Library/Ruby/Gems/1.8/gems/rails-2.0.2/lib/commands/server.rb:39
    /System/Library/Frameworks/Ruby.framework/Versions/1.8/usr/lib/ruby/1.8/rubygems/custom_require.rb:27:in `gem_original_require'
    /System/Library/Frameworks/Ruby.framework/Versions/1.8/usr/lib/ruby/1.8/rubygems/custom_require.rb:27:in `require'
    ./script/server:3

Rendering /Library/Ruby/Gems/1.8/gems/actionpack-2.0.2/lib/action_controller/templates/rescues/layout.erb (not_found)


Processing ApplicationController#index (for 127.0.0.1 at 2008-01-11 09:37:13) [GET]
  Session ID: BAh7BiIKZmxhc2hJQzonQWN0aW9uQ29udHJvbGxlcjo6Rmxhc2g6OkZsYXNo%0ASGFzaHsABjoKQHVzZWR7AA%3D%3D--5d572432531f9ae7ec17c72d58900c346c9d75e9
  Parameters: {}


ActionController::RoutingError (No route matches "/" with {:method=>:get}):
    /Library/Ruby/Gems/1.8/gems/actionpack-2.0.2/lib/action_controller/routing.rb:1441:in `recognize_path'
    /Library/Ruby/Gems/1.8/gems/actionpack-2.0.2/lib/action_controller/routing.rb:1424:in `recognize'
    /Library/Ruby/Gems/1.8/gems/actionpack-2.0.2/lib/action_controller/dispatcher.rb:170:in `handle_request'
    /Library/Ruby/Gems/1.8/gems/actionpack-2.0.2/lib/action_controller/dispatcher.rb:115:in `dispatch'
    /Library/Ruby/Gems/1.8/gems/actionpack-2.0.2/lib/action_controller/dispatcher.rb:126:in `dispatch_cgi'
    /Library/Ruby/Gems/1.8/gems/actionpack-2.0.2/lib/action_controller/dispatcher.rb:9:in `dispatch'
    /Library/Ruby/Gems/1.8/gems/mongrel-1.1.1/bin/../lib/mongrel/rails.rb:76:in `process'
    /Library/Ruby/Gems/1.8/gems/mongrel-1.1.1/bin/../lib/mongrel/rails.rb:74:in `synchronize'
    /Library/Ruby/Gems/1.8/gems/mongrel-1.1.1/bin/../lib/mongrel/rails.rb:74:in `process'
    /Library/Ruby/Gems/1.8/gems/mongrel-1.1.1/lib/mongrel.rb:155:in `process_client'
    /Library/Ruby/Gems/1.8/gems/mongrel-1.1.1/lib/mongrel.rb:154:in `each'
    /Library/Ruby/Gems/1.8/gems/mongrel-1.1.1/lib/mongrel.rb:154:in `process_client'
    /Library/Ruby/Gems/1.8/gems/mongrel-1.1.1/lib/mongrel.rb:281:in `run'
    /Library/Ruby/Gems/1.8/gems/mongrel-1.1.1/lib/mongrel.rb:281:in `initialize'
    /Library/Ruby/Gems/1.8/gems/mongrel-1.1.1/lib/mongrel.rb:281:in `new'
    /Library/Ruby/Gems/1.8/gems/mongrel-1.1.1/lib/mongrel.rb:281:in `run'
    /Library/Ruby/Gems/1.8/gems/mongrel-1.1.1/lib/mongrel.rb:264:in `initialize'
    /Library/Ruby/Gems/1.8/gems/mongrel-1.1.1/lib/mongrel.rb:264:in `new'
    /Library/Ruby/Gems/1.8/gems/mongrel-1.1.1/lib/mongrel.rb:264:in `run'
    /Library/Ruby/Gems/1.8/gems/mongrel-1.1.1/lib/mongrel/configurator.rb:282:in `run'
    /Library/Ruby/Gems/1.8/gems/mongrel-1.1.1/lib/mongrel/configurator.rb:281:in `each'
    /Library/Ruby/Gems/1.8/gems/mongrel-1.1.1/lib/mongrel/configurator.rb:281:in `run'
    /Library/Ruby/Gems/1.8/gems/mongrel-1.1.1/bin/mongrel_rails:128:in `run'
    /Library/Ruby/Gems/1.8/gems/mongrel-1.1.1/lib/mongrel/command.rb:212:in `run'
    /Library/Ruby/Gems/1.8/gems/mongrel-1.1.1/bin/mongrel_rails:281
    /Library/Ruby/Gems/1.8/gems/activesupport-2.0.2/lib/active_support/dependencies.rb:489:in `load'
    /Library/Ruby/Gems/1.8/gems/activesupport-2.0.2/lib/active_support/dependencies.rb:489:in `load'
    /Library/Ruby/Gems/1.8/gems/activesupport-2.0.2/lib/active_support/dependencies.rb:342:in `new_constants_in'
    /Library/Ruby/Gems/1.8/gems/activesupport-2.0.2/lib/active_support/dependencies.rb:489:in `load'
    /Library/Ruby/Gems/1.8/gems/rails-2.0.2/lib/commands/servers/mongrel.rb:64
    /System/Library/Frameworks/Ruby.framework/Versions/1.8/usr/lib/ruby/1.8/rubygems/custom_require.rb:27:in `gem_original_require'
    /System/Library/Frameworks/Ruby.framework/Versions/1.8/usr/lib/ruby/1.8/rubygems/custom_require.rb:27:in `require'
    /Library/Ruby/Gems/1.8/gems/activesupport-2.0.2/lib/active_support/dependencies.rb:496:in `require'
    /Library/Ruby/Gems/1.8/gems/activesupport-2.0.2/lib/active_support/dependencies.rb:342:in `new_constants_in'
    /Library/Ruby/Gems/1.8/gems/activesupport-2.0.2/lib/active_support/dependencies.rb:496:in `require'
    /Library/Ruby/Gems/1.8/gems/rails-2.0.2/lib/commands/server.rb:39
    /System/Library/Frameworks/Ruby.framework/Versions/1.8/usr/lib/ruby/1.8/rubygems/custom_require.rb:27:in `gem_original_require'
    /System/Library/Frameworks/Ruby.framework/Versions/1.8/usr/lib/ruby/1.8/rubygems/custom_require.rb:27:in `require'
    ./script/server:3

Rendering /Library/Ruby/Gems/1.8/gems/actionpack-2.0.2/lib/action_controller/templates/rescues/layout.erb (not_found)


Processing WelcomeController#index (for 127.0.0.1 at 2008-01-11 09:37:21) [GET]
  Session ID: BAh7BiIKZmxhc2hJQzonQWN0aW9uQ29udHJvbGxlcjo6Rmxhc2g6OkZsYXNo%0ASGFzaHsABjoKQHVzZWR7AA%3D%3D--5d572432531f9ae7ec17c72d58900c346c9d75e9
  Parameters: {"action"=>"index", "controller"=>"welcome"}
Rendering welcome/index
Completed in 0.00625 (160 reqs/sec) | Rendering: 0.00214 (34%) | DB: 0.00000 (0%) | 200 OK [http://localhost/]


Processing WelcomeController#index (for 127.0.0.1 at 2008-01-11 09:38:47) [GET]
  Session ID: BAh7BiIKZmxhc2hJQzonQWN0aW9uQ29udHJvbGxlcjo6Rmxhc2g6OkZsYXNo%0ASGFzaHsABjoKQHVzZWR7AA%3D%3D--5d572432531f9ae7ec17c72d58900c346c9d75e9
  Parameters: {"action"=>"index", "controller"=>"welcome"}
Rendering welcome/index
Completed in 0.00512 (195 reqs/sec) | Rendering: 0.00235 (45%) | DB: 0.00000 (0%) | 200 OK [http://localhost/]


Processing WelcomeController#index (for 127.0.0.1 at 2008-01-11 09:39:00) [GET]
  Session ID: BAh7BiIKZmxhc2hJQzonQWN0aW9uQ29udHJvbGxlcjo6Rmxhc2g6OkZsYXNo%0ASGFzaHsABjoKQHVzZWR7AA%3D%3D--5d572432531f9ae7ec17c72d58900c346c9d75e9
  Parameters: {"action"=>"index", "controller"=>"welcome"}
Rendering welcome/index
Completed in 0.00482 (207 reqs/sec) | Rendering: 0.00196 (40%) | DB: 0.00000 (0%) | 200 OK [http://localhost/]


Processing WelcomeController#index (for 127.0.0.1 at 2008-01-11 09:40:44) [GET]
  Session ID: BAh7BiIKZmxhc2hJQzonQWN0aW9uQ29udHJvbGxlcjo6Rmxhc2g6OkZsYXNo%0ASGFzaHsABjoKQHVzZWR7AA%3D%3D--5d572432531f9ae7ec17c72d58900c346c9d75e9
  Parameters: {"action"=>"index", "controller"=>"welcome"}
Rendering welcome/index


ActionView::TemplateError (undefined method `stylesheet_link_for' for #<ActionView::Base:0x2274d48>) on line #4 of welcome/index.haml:
1: %html
2:   %head
3:     %title EngineYard Phone System
4:     = stylesheet_link_for "ey"
5:   %body
6:   
7:     %h1 EngineYard Phones

    app/views/welcome/index.haml:4:in `_run_template_47app47views47welcome47index46haml'
    /Library/Ruby/Gems/1.8/gems/actionpack-2.0.2/lib/action_view/base.rb:637:in `send'
    /Library/Ruby/Gems/1.8/gems/actionpack-2.0.2/lib/action_view/base.rb:637:in `compile_and_render_template'
    /Library/Ruby/Gems/1.8/gems/actionpack-2.0.2/lib/action_view/base.rb:365:in `render_template'
    /Library/Ruby/Gems/1.8/gems/actionpack-2.0.2/lib/action_view/base.rb:316:in `render_file'
    /Library/Ruby/Gems/1.8/gems/actionpack-2.0.2/lib/action_controller/base.rb:1100:in `render_for_file'
    /Library/Ruby/Gems/1.8/gems/actionpack-2.0.2/lib/action_controller/base.rb:836:in `render_with_no_layout'
    /Library/Ruby/Gems/1.8/gems/actionpack-2.0.2/lib/action_controller/layout.rb:270:in `render_without_benchmark'
    /Library/Ruby/Gems/1.8/gems/actionpack-2.0.2/lib/action_controller/benchmarking.rb:51:in `render'
    /System/Library/Frameworks/Ruby.framework/Versions/1.8/usr/lib/ruby/1.8/benchmark.rb:293:in `measure'
    /Library/Ruby/Gems/1.8/gems/actionpack-2.0.2/lib/action_controller/benchmarking.rb:51:in `render'
    /Library/Ruby/Gems/1.8/gems/actionpack-2.0.2/lib/action_controller/base.rb:1153:in `default_render'
    /Library/Ruby/Gems/1.8/gems/actionpack-2.0.2/lib/action_controller/base.rb:1164:in `perform_action_without_filters'
    /Library/Ruby/Gems/1.8/gems/actionpack-2.0.2/lib/action_controller/filters.rb:697:in `call_filters'
    /Library/Ruby/Gems/1.8/gems/actionpack-2.0.2/lib/action_controller/filters.rb:689:in `perform_action_without_benchmark'
    /Library/Ruby/Gems/1.8/gems/actionpack-2.0.2/lib/action_controller/benchmarking.rb:68:in `perform_action_without_rescue'
    /System/Library/Frameworks/Ruby.framework/Versions/1.8/usr/lib/ruby/1.8/benchmark.rb:293:in `measure'
    /Library/Ruby/Gems/1.8/gems/actionpack-2.0.2/lib/action_controller/benchmarking.rb:68:in `perform_action_without_rescue'
    /Library/Ruby/Gems/1.8/gems/actionpack-2.0.2/lib/action_controller/rescue.rb:199:in `perform_action_without_caching'
    /Library/Ruby/Gems/1.8/gems/actionpack-2.0.2/lib/action_controller/caching.rb:678:in `perform_action'
    /Library/Ruby/Gems/1.8/gems/activerecord-2.0.2/lib/active_record/connection_adapters/abstract/query_cache.rb:33:in `cache'
    /Library/Ruby/Gems/1.8/gems/activerecord-2.0.2/lib/active_record/query_cache.rb:8:in `cache'
    /Library/Ruby/Gems/1.8/gems/actionpack-2.0.2/lib/action_controller/caching.rb:677:in `perform_action'
    /Library/Ruby/Gems/1.8/gems/actionpack-2.0.2/lib/action_controller/base.rb:524:in `send'
    /Library/Ruby/Gems/1.8/gems/actionpack-2.0.2/lib/action_controller/base.rb:524:in `process_without_filters'
    /Library/Ruby/Gems/1.8/gems/actionpack-2.0.2/lib/action_controller/filters.rb:685:in `process_without_session_management_support'
    /Library/Ruby/Gems/1.8/gems/actionpack-2.0.2/lib/action_controller/session_management.rb:123:in `sass_old_process'
    /Library/Ruby/Gems/1.8/gems/haml-1.8.0/lib/sass/plugin/rails.rb:14:in `process'
    /Library/Ruby/Gems/1.8/gems/actionpack-2.0.2/lib/action_controller/base.rb:388:in `process'
    /Library/Ruby/Gems/1.8/gems/actionpack-2.0.2/lib/action_controller/dispatcher.rb:171:in `handle_request'
    /Library/Ruby/Gems/1.8/gems/actionpack-2.0.2/lib/action_controller/dispatcher.rb:115:in `dispatch'
    /Library/Ruby/Gems/1.8/gems/actionpack-2.0.2/lib/action_controller/dispatcher.rb:126:in `dispatch_cgi'
    /Library/Ruby/Gems/1.8/gems/actionpack-2.0.2/lib/action_controller/dispatcher.rb:9:in `dispatch'
    /Library/Ruby/Gems/1.8/gems/mongrel-1.1.1/lib/mongrel/rails.rb:76:in `process'
    /Library/Ruby/Gems/1.8/gems/mongrel-1.1.1/lib/mongrel/rails.rb:74:in `synchronize'
    /Library/Ruby/Gems/1.8/gems/mongrel-1.1.1/lib/mongrel/rails.rb:74:in `process'
    /Library/Ruby/Gems/1.8/gems/mongrel-1.1.1/lib/mongrel.rb:155:in `process_client'
    /Library/Ruby/Gems/1.8/gems/mongrel-1.1.1/lib/mongrel.rb:154:in `each'
    /Library/Ruby/Gems/1.8/gems/mongrel-1.1.1/lib/mongrel.rb:154:in `process_client'
    /Library/Ruby/Gems/1.8/gems/mongrel-1.1.1/lib/mongrel.rb:281:in `run'
    /Library/Ruby/Gems/1.8/gems/mongrel-1.1.1/lib/mongrel.rb:281:in `initialize'
    /Library/Ruby/Gems/1.8/gems/mongrel-1.1.1/lib/mongrel.rb:281:in `new'
    /Library/Ruby/Gems/1.8/gems/mongrel-1.1.1/lib/mongrel.rb:281:in `run'
    /Library/Ruby/Gems/1.8/gems/mongrel-1.1.1/lib/mongrel.rb:264:in `initialize'
    /Library/Ruby/Gems/1.8/gems/mongrel-1.1.1/lib/mongrel.rb:264:in `new'
    /Library/Ruby/Gems/1.8/gems/mongrel-1.1.1/lib/mongrel.rb:264:in `run'
    /Library/Ruby/Gems/1.8/gems/mongrel-1.1.1/lib/mongrel/configurator.rb:282:in `run'
    /Library/Ruby/Gems/1.8/gems/mongrel-1.1.1/lib/mongrel/configurator.rb:281:in `each'
    /Library/Ruby/Gems/1.8/gems/mongrel-1.1.1/lib/mongrel/configurator.rb:281:in `run'
    /Library/Ruby/Gems/1.8/gems/mongrel-1.1.1/bin/mongrel_rails:128:in `run'
    /Library/Ruby/Gems/1.8/gems/mongrel-1.1.1/lib/mongrel/command.rb:212:in `run'
    /Library/Ruby/Gems/1.8/gems/mongrel-1.1.1/bin/mongrel_rails:281
    /Library/Ruby/Gems/1.8/gems/activesupport-2.0.2/lib/active_support/dependencies.rb:489:in `load'
    /Library/Ruby/Gems/1.8/gems/activesupport-2.0.2/lib/active_support/dependencies.rb:489:in `load'
    /Library/Ruby/Gems/1.8/gems/activesupport-2.0.2/lib/active_support/dependencies.rb:342:in `new_constants_in'
    /Library/Ruby/Gems/1.8/gems/activesupport-2.0.2/lib/active_support/dependencies.rb:489:in `load'
    /Library/Ruby/Gems/1.8/gems/rails-2.0.2/lib/commands/servers/mongrel.rb:64
    /System/Library/Frameworks/Ruby.framework/Versions/1.8/usr/lib/ruby/1.8/rubygems/custom_require.rb:27:in `gem_original_require'
    /System/Library/Frameworks/Ruby.framework/Versions/1.8/usr/lib/ruby/1.8/rubygems/custom_require.rb:27:in `require'
    /Library/Ruby/Gems/1.8/gems/activesupport-2.0.2/lib/active_support/dependencies.rb:496:in `require'
    /Library/Ruby/Gems/1.8/gems/activesupport-2.0.2/lib/active_support/dependencies.rb:342:in `new_constants_in'
    /Library/Ruby/Gems/1.8/gems/activesupport-2.0.2/lib/active_support/dependencies.rb:496:in `require'
    /Library/Ruby/Gems/1.8/gems/rails-2.0.2/lib/commands/server.rb:39
    /System/Library/Frameworks/Ruby.framework/Versions/1.8/usr/lib/ruby/1.8/rubygems/custom_require.rb:27:in `gem_original_require'
    /System/Library/Frameworks/Ruby.framework/Versions/1.8/usr/lib/ruby/1.8/rubygems/custom_require.rb:27:in `require'
    script/server:3

Rendering /Library/Ruby/Gems/1.8/gems/actionpack-2.0.2/lib/action_controller/templates/rescues/layout.erb (internal_server_error)


Processing WelcomeController#index (for 127.0.0.1 at 2008-01-11 09:41:13) [GET]
  Session ID: BAh7BiIKZmxhc2hJQzonQWN0aW9uQ29udHJvbGxlcjo6Rmxhc2g6OkZsYXNo%0ASGFzaHsABjoKQHVzZWR7AA%3D%3D--5d572432531f9ae7ec17c72d58900c346c9d75e9
  Parameters: {"action"=>"index", "controller"=>"welcome"}
Rendering welcome/index
Completed in 0.00575 (174 reqs/sec) | Rendering: 0.00274 (47%) | DB: 0.00000 (0%) | 200 OK [http://localhost/]


Processing WelcomeController#index (for 127.0.0.1 at 2008-01-11 09:41:21) [GET]
  Session ID: BAh7BiIKZmxhc2hJQzonQWN0aW9uQ29udHJvbGxlcjo6Rmxhc2g6OkZsYXNo%0ASGFzaHsABjoKQHVzZWR7AA%3D%3D--5d572432531f9ae7ec17c72d58900c346c9d75e9
  Parameters: {"action"=>"index", "controller"=>"welcome"}
Rendering welcome/index
Completed in 0.00429 (233 reqs/sec) | Rendering: 0.00144 (33%) | DB: 0.00000 (0%) | 200 OK [http://localhost/]


Processing WelcomeController#index (for 127.0.0.1 at 2008-01-11 09:42:06) [GET]
  Session ID: BAh7BiIKZmxhc2hJQzonQWN0aW9uQ29udHJvbGxlcjo6Rmxhc2g6OkZsYXNo%0ASGFzaHsABjoKQHVzZWR7AA%3D%3D--5d572432531f9ae7ec17c72d58900c346c9d75e9
  Parameters: {"action"=>"index", "controller"=>"welcome"}
Rendering welcome/index
Completed in 0.00565 (176 reqs/sec) | Rendering: 0.00279 (49%) | DB: 0.00000 (0%) | 200 OK [http://localhost/]


Processing WelcomeController#index (for 127.0.0.1 at 2008-01-11 09:42:18) [GET]
  Session ID: BAh7BiIKZmxhc2hJQzonQWN0aW9uQ29udHJvbGxlcjo6Rmxhc2g6OkZsYXNo%0ASGFzaHsABjoKQHVzZWR7AA%3D%3D--5d572432531f9ae7ec17c72d58900c346c9d75e9
  Parameters: {"action"=>"index", "controller"=>"welcome"}
Rendering welcome/index
Completed in 0.00440 (227 reqs/sec) | Rendering: 0.00147 (33%) | DB: 0.00000 (0%) | 200 OK [http://localhost/]


Processing WelcomeController#index (for 127.0.0.1 at 2008-01-11 09:42:50) [GET]
  Session ID: BAh7BiIKZmxhc2hJQzonQWN0aW9uQ29udHJvbGxlcjo6Rmxhc2g6OkZsYXNo%0ASGFzaHsABjoKQHVzZWR7AA%3D%3D--5d572432531f9ae7ec17c72d58900c346c9d75e9
  Parameters: {"action"=>"index", "controller"=>"welcome"}
Rendering welcome/index
Completed in 0.00435 (230 reqs/sec) | Rendering: 0.00144 (33%) | DB: 0.00000 (0%) | 200 OK [http://localhost/]


Processing WelcomeController#index (for 127.0.0.1 at 2008-01-11 09:42:57) [GET]
  Session ID: BAh7BiIKZmxhc2hJQzonQWN0aW9uQ29udHJvbGxlcjo6Rmxhc2g6OkZsYXNo%0ASGFzaHsABjoKQHVzZWR7AA%3D%3D--5d572432531f9ae7ec17c72d58900c346c9d75e9
  Parameters: {"action"=>"index", "controller"=>"welcome"}
Rendering welcome/index
Completed in 0.00432 (231 reqs/sec) | Rendering: 0.00144 (33%) | DB: 0.00000 (0%) | 200 OK [http://localhost/]


Processing WelcomeController#index (for 127.0.0.1 at 2008-01-11 09:43:21) [GET]
  Session ID: BAh7BiIKZmxhc2hJQzonQWN0aW9uQ29udHJvbGxlcjo6Rmxhc2g6OkZsYXNo%0ASGFzaHsABjoKQHVzZWR7AA%3D%3D--5d572432531f9ae7ec17c72d58900c346c9d75e9
  Parameters: {"action"=>"index", "controller"=>"welcome"}
Rendering welcome/index
Completed in 0.00426 (234 reqs/sec) | Rendering: 0.00141 (33%) | DB: 0.00000 (0%) | 200 OK [http://localhost/]


Processing WelcomeController#index (for 127.0.0.1 at 2008-01-11 09:43:43) [GET]
  Session ID: BAh7BiIKZmxhc2hJQzonQWN0aW9uQ29udHJvbGxlcjo6Rmxhc2g6OkZsYXNo%0ASGFzaHsABjoKQHVzZWR7AA%3D%3D--5d572432531f9ae7ec17c72d58900c346c9d75e9
  Parameters: {"action"=>"index", "controller"=>"welcome"}
Rendering welcome/index
Completed in 0.00432 (231 reqs/sec) | Rendering: 0.00141 (32%) | DB: 0.00000 (0%) | 200 OK [http://localhost/]


Processing WelcomeController#index (for 127.0.0.1 at 2008-01-11 09:43:53) [GET]
  Session ID: BAh7BiIKZmxhc2hJQzonQWN0aW9uQ29udHJvbGxlcjo6Rmxhc2g6OkZsYXNo%0ASGFzaHsABjoKQHVzZWR7AA%3D%3D--5d572432531f9ae7ec17c72d58900c346c9d75e9
  Parameters: {"action"=>"index", "controller"=>"welcome"}
Rendering welcome/index
Completed in 0.00415 (240 reqs/sec) | Rendering: 0.00138 (33%) | DB: 0.00000 (0%) | 200 OK [http://localhost/]


Processing WelcomeController#index (for 127.0.0.1 at 2008-01-11 09:44:05) [GET]
  Session ID: BAh7BiIKZmxhc2hJQzonQWN0aW9uQ29udHJvbGxlcjo6Rmxhc2g6OkZsYXNo%0ASGFzaHsABjoKQHVzZWR7AA%3D%3D--5d572432531f9ae7ec17c72d58900c346c9d75e9
  Parameters: {"action"=>"index", "controller"=>"welcome"}
Rendering welcome/index
Completed in 0.00458 (218 reqs/sec) | Rendering: 0.00142 (31%) | DB: 0.00000 (0%) | 200 OK [http://localhost/]


Processing WelcomeController#index (for 127.0.0.1 at 2008-01-11 09:44:46) [GET]
  Session ID: BAh7BiIKZmxhc2hJQzonQWN0aW9uQ29udHJvbGxlcjo6Rmxhc2g6OkZsYXNo%0ASGFzaHsABjoKQHVzZWR7AA%3D%3D--5d572432531f9ae7ec17c72d58900c346c9d75e9
  Parameters: {"action"=>"index", "controller"=>"welcome"}
Rendering welcome/index
Completed in 0.00437 (228 reqs/sec) | Rendering: 0.00147 (33%) | DB: 0.00000 (0%) | 200 OK [http://localhost/]


Processing WelcomeController#index (for 127.0.0.1 at 2008-01-11 09:45:02) [GET]
  Session ID: BAh7BiIKZmxhc2hJQzonQWN0aW9uQ29udHJvbGxlcjo6Rmxhc2g6OkZsYXNo%0ASGFzaHsABjoKQHVzZWR7AA%3D%3D--5d572432531f9ae7ec17c72d58900c346c9d75e9
  Parameters: {"action"=>"index", "controller"=>"welcome"}
Rendering welcome/index
Completed in 0.00449 (222 reqs/sec) | Rendering: 0.00144 (31%) | DB: 0.00000 (0%) | 200 OK [http://localhost/]


Processing WelcomeController#index (for 127.0.0.1 at 2008-01-11 09:46:07) [GET]
  Session ID: BAh7BiIKZmxhc2hJQzonQWN0aW9uQ29udHJvbGxlcjo6Rmxhc2g6OkZsYXNo%0ASGFzaHsABjoKQHVzZWR7AA%3D%3D--5d572432531f9ae7ec17c72d58900c346c9d75e9
  Parameters: {"action"=>"index", "controller"=>"welcome"}
Rendering welcome/index
Completed in 0.08388 (11 reqs/sec) | Rendering: 0.08106 (96%) | DB: 0.00000 (0%) | 200 OK [http://localhost/]


Processing WelcomeController#index (for 127.0.0.1 at 2008-01-11 09:49:25) [GET]
  Session ID: BAh7BiIKZmxhc2hJQzonQWN0aW9uQ29udHJvbGxlcjo6Rmxhc2g6OkZsYXNo%0ASGFzaHsABjoKQHVzZWR7AA%3D%3D--5d572432531f9ae7ec17c72d58900c346c9d75e9
  Parameters: {"action"=>"index", "controller"=>"welcome"}
Rendering welcome/index
Completed in 0.00463 (215 reqs/sec) | Rendering: 0.00167 (36%) | DB: 0.00000 (0%) | 200 OK [http://localhost/]


Processing WelcomeController#index (for 127.0.0.1 at 2008-01-11 09:50:38) [GET]
  Session ID: BAh7BiIKZmxhc2hJQzonQWN0aW9uQ29udHJvbGxlcjo6Rmxhc2g6OkZsYXNo%0ASGFzaHsABjoKQHVzZWR7AA%3D%3D--5d572432531f9ae7ec17c72d58900c346c9d75e9
  Parameters: {"action"=>"index", "controller"=>"welcome"}
Rendering welcome/index
Completed in 0.00454 (220 reqs/sec) | Rendering: 0.00162 (35%) | DB: 0.00000 (0%) | 200 OK [http://localhost/]


Processing WelcomeController#index (for 127.0.0.1 at 2008-01-11 09:51:03) [GET]
  Session ID: BAh7BiIKZmxhc2hJQzonQWN0aW9uQ29udHJvbGxlcjo6Rmxhc2g6OkZsYXNo%0ASGFzaHsABjoKQHVzZWR7AA%3D%3D--5d572432531f9ae7ec17c72d58900c346c9d75e9
  Parameters: {"action"=>"index", "controller"=>"welcome"}
Rendering welcome/index
Completed in 0.00440 (227 reqs/sec) | Rendering: 0.00163 (37%) | DB: 0.00000 (0%) | 200 OK [http://localhost/]


Processing WelcomeController#index (for 127.0.0.1 at 2008-01-11 09:51:08) [GET]
  Session ID: BAh7BiIKZmxhc2hJQzonQWN0aW9uQ29udHJvbGxlcjo6Rmxhc2g6OkZsYXNo%0ASGFzaHsABjoKQHVzZWR7AA%3D%3D--5d572432531f9ae7ec17c72d58900c346c9d75e9
  Parameters: {"action"=>"index", "controller"=>"welcome"}
Rendering welcome/index
Completed in 0.00441 (226 reqs/sec) | Rendering: 0.00161 (36%) | DB: 0.00000 (0%) | 200 OK [http://localhost/]


Processing WelcomeController#index (for 127.0.0.1 at 2008-01-11 09:51:17) [GET]
  Session ID: BAh7BiIKZmxhc2hJQzonQWN0aW9uQ29udHJvbGxlcjo6Rmxhc2g6OkZsYXNo%0ASGFzaHsABjoKQHVzZWR7AA%3D%3D--5d572432531f9ae7ec17c72d58900c346c9d75e9
  Parameters: {"action"=>"index", "controller"=>"welcome"}
Rendering welcome/index
Completed in 0.00437 (228 reqs/sec) | Rendering: 0.00159 (36%) | DB: 0.00000 (0%) | 200 OK [http://localhost/]


Processing WelcomeController#index (for 127.0.0.1 at 2008-01-11 09:51:59) [GET]
  Session ID: BAh7BiIKZmxhc2hJQzonQWN0aW9uQ29udHJvbGxlcjo6Rmxhc2g6OkZsYXNo%0ASGFzaHsABjoKQHVzZWR7AA%3D%3D--5d572432531f9ae7ec17c72d58900c346c9d75e9
  Parameters: {"action"=>"index", "controller"=>"welcome"}
Rendering welcome/index
Completed in 0.00484 (206 reqs/sec) | Rendering: 0.00170 (35%) | DB: 0.00000 (0%) | 200 OK [http://localhost/]


Processing WelcomeController#index (for 127.0.0.1 at 2008-01-11 09:52:25) [GET]
  Session ID: BAh7BiIKZmxhc2hJQzonQWN0aW9uQ29udHJvbGxlcjo6Rmxhc2g6OkZsYXNo%0ASGFzaHsABjoKQHVzZWR7AA%3D%3D--5d572432531f9ae7ec17c72d58900c346c9d75e9
  Parameters: {"action"=>"index", "controller"=>"welcome"}
Rendering welcome/index
Completed in 0.00579 (172 reqs/sec) | Rendering: 0.00295 (50%) | DB: 0.00000 (0%) | 200 OK [http://localhost/]


Processing WelcomeController#index (for 127.0.0.1 at 2008-01-11 09:54:11) [GET]
  Session ID: BAh7BiIKZmxhc2hJQzonQWN0aW9uQ29udHJvbGxlcjo6Rmxhc2g6OkZsYXNo%0ASGFzaHsABjoKQHVzZWR7AA%3D%3D--5d572432531f9ae7ec17c72d58900c346c9d75e9
  Parameters: {"action"=>"index", "controller"=>"welcome"}
Rendering welcome/index
Completed in 0.00438 (228 reqs/sec) | Rendering: 0.00157 (35%) | DB: 0.00000 (0%) | 200 OK [http://localhost/]


Processing WelcomeController#index (for 127.0.0.1 at 2008-01-11 09:54:16) [GET]
  Session ID: BAh7BiIKZmxhc2hJQzonQWN0aW9uQ29udHJvbGxlcjo6Rmxhc2g6OkZsYXNo%0ASGFzaHsABjoKQHVzZWR7AA%3D%3D--5d572432531f9ae7ec17c72d58900c346c9d75e9
  Parameters: {"action"=>"index", "controller"=>"welcome"}
Rendering welcome/index
Completed in 0.00450 (222 reqs/sec) | Rendering: 0.00162 (36%) | DB: 0.00000 (0%) | 200 OK [http://localhost/]


Processing WelcomeController#index (for 127.0.0.1 at 2008-01-11 09:55:02) [GET]
  Session ID: BAh7BiIKZmxhc2hJQzonQWN0aW9uQ29udHJvbGxlcjo6Rmxhc2g6OkZsYXNo%0ASGFzaHsABjoKQHVzZWR7AA%3D%3D--5d572432531f9ae7ec17c72d58900c346c9d75e9
  Parameters: {"action"=>"index", "controller"=>"welcome"}
Rendering welcome/index
Completed in 0.00462 (216 reqs/sec) | Rendering: 0.00170 (36%) | DB: 0.00000 (0%) | 200 OK [http://localhost/]


Processing WelcomeController#index (for 127.0.0.1 at 2008-01-11 09:55:11) [GET]
  Session ID: BAh7BiIKZmxhc2hJQzonQWN0aW9uQ29udHJvbGxlcjo6Rmxhc2g6OkZsYXNo%0ASGFzaHsABjoKQHVzZWR7AA%3D%3D--5d572432531f9ae7ec17c72d58900c346c9d75e9
  Parameters: {"action"=>"index", "controller"=>"welcome"}
Rendering welcome/index
Completed in 0.00448 (223 reqs/sec) | Rendering: 0.00161 (35%) | DB: 0.00000 (0%) | 200 OK [http://localhost/]


Processing WelcomeController#index (for 127.0.0.1 at 2008-01-11 09:55:21) [GET]
  Session ID: BAh7BiIKZmxhc2hJQzonQWN0aW9uQ29udHJvbGxlcjo6Rmxhc2g6OkZsYXNo%0ASGFzaHsABjoKQHVzZWR7AA%3D%3D--5d572432531f9ae7ec17c72d58900c346c9d75e9
  Parameters: {"action"=>"index", "controller"=>"welcome"}
Rendering welcome/index
Completed in 0.00437 (228 reqs/sec) | Rendering: 0.00161 (36%) | DB: 0.00000 (0%) | 200 OK [http://localhost/]


Processing WelcomeController#index (for 127.0.0.1 at 2008-01-11 09:55:36) [GET]
  Session ID: BAh7BiIKZmxhc2hJQzonQWN0aW9uQ29udHJvbGxlcjo6Rmxhc2g6OkZsYXNo%0ASGFzaHsABjoKQHVzZWR7AA%3D%3D--5d572432531f9ae7ec17c72d58900c346c9d75e9
  Parameters: {"action"=>"index", "controller"=>"welcome"}
Rendering welcome/index
Completed in 0.00444 (225 reqs/sec) | Rendering: 0.00161 (36%) | DB: 0.00000 (0%) | 200 OK [http://localhost/]


Processing WelcomeController#index (for 127.0.0.1 at 2008-01-11 09:55:52) [GET]
  Session ID: BAh7BiIKZmxhc2hJQzonQWN0aW9uQ29udHJvbGxlcjo6Rmxhc2g6OkZsYXNo%0ASGFzaHsABjoKQHVzZWR7AA%3D%3D--5d572432531f9ae7ec17c72d58900c346c9d75e9
  Parameters: {"action"=>"index", "controller"=>"welcome"}
Rendering welcome/index
Completed in 0.00529 (189 reqs/sec) | Rendering: 0.00203 (38%) | DB: 0.00000 (0%) | 200 OK [http://localhost/]


Processing WelcomeController#index (for 127.0.0.1 at 2008-01-11 09:56:08) [GET]
  Session ID: BAh7BiIKZmxhc2hJQzonQWN0aW9uQ29udHJvbGxlcjo6Rmxhc2g6OkZsYXNo%0ASGFzaHsABjoKQHVzZWR7AA%3D%3D--5d572432531f9ae7ec17c72d58900c346c9d75e9
  Parameters: {"action"=>"index", "controller"=>"welcome"}
Rendering welcome/index
Completed in 0.00443 (225 reqs/sec) | Rendering: 0.00163 (36%) | DB: 0.00000 (0%) | 200 OK [http://localhost/]


Processing WelcomeController#index (for 127.0.0.1 at 2008-01-11 09:56:20) [GET]
  Session ID: BAh7BiIKZmxhc2hJQzonQWN0aW9uQ29udHJvbGxlcjo6Rmxhc2g6OkZsYXNo%0ASGFzaHsABjoKQHVzZWR7AA%3D%3D--5d572432531f9ae7ec17c72d58900c346c9d75e9
  Parameters: {"action"=>"index", "controller"=>"welcome"}
Rendering welcome/index
Completed in 0.00441 (226 reqs/sec) | Rendering: 0.00160 (36%) | DB: 0.00000 (0%) | 200 OK [http://localhost/]


Processing WelcomeController#index (for 127.0.0.1 at 2008-01-11 09:56:54) [GET]
  Session ID: BAh7BiIKZmxhc2hJQzonQWN0aW9uQ29udHJvbGxlcjo6Rmxhc2g6OkZsYXNo%0ASGFzaHsABjoKQHVzZWR7AA%3D%3D--5d572432531f9ae7ec17c72d58900c346c9d75e9
  Parameters: {"action"=>"index", "controller"=>"welcome"}
Rendering welcome/index
Completed in 0.00564 (177 reqs/sec) | Rendering: 0.00288 (51%) | DB: 0.00000 (0%) | 200 OK [http://localhost/]


Processing WelcomeController#index (for 127.0.0.1 at 2008-01-11 09:56:59) [GET]
  Session ID: BAh7BiIKZmxhc2hJQzonQWN0aW9uQ29udHJvbGxlcjo6Rmxhc2g6OkZsYXNo%0ASGFzaHsABjoKQHVzZWR7AA%3D%3D--5d572432531f9ae7ec17c72d58900c346c9d75e9
  Parameters: {"action"=>"index", "controller"=>"welcome"}
Rendering welcome/index
Completed in 0.00680 (147 reqs/sec) | Rendering: 0.00325 (47%) | DB: 0.00000 (0%) | 200 OK [http://localhost/]


Processing WelcomeController#index (for 127.0.0.1 at 2008-01-11 09:57:13) [GET]
  Session ID: BAh7BiIKZmxhc2hJQzonQWN0aW9uQ29udHJvbGxlcjo6Rmxhc2g6OkZsYXNo%0ASGFzaHsABjoKQHVzZWR7AA%3D%3D--5d572432531f9ae7ec17c72d58900c346c9d75e9
  Parameters: {"action"=>"index", "controller"=>"welcome"}
Rendering welcome/index
Completed in 0.00466 (214 reqs/sec) | Rendering: 0.00172 (36%) | DB: 0.00000 (0%) | 200 OK [http://localhost/]


Processing EmployeesController#index (for 127.0.0.1 at 2008-01-11 09:57:28) [GET]
  Session ID: BAh7BiIKZmxhc2hJQzonQWN0aW9uQ29udHJvbGxlcjo6Rmxhc2g6OkZsYXNo%0ASGFzaHsABjoKQHVzZWR7AA%3D%3D--5d572432531f9ae7ec17c72d58900c346c9d75e9
  Parameters: {"action"=>"index", "controller"=>"employees"}
  [4;36;1mEmployee Load (0.000000)[0m   [0;1mSQLite3::SQLException: no such table: employees: SELECT * FROM employees [0m


ActiveRecord::StatementInvalid (SQLite3::SQLException: no such table: employees: SELECT * FROM employees   ):
    /Library/Ruby/Gems/1.8/gems/activerecord-2.0.2/lib/active_record/connection_adapters/abstract_adapter.rb:150:in `log'
    /Library/Ruby/Gems/1.8/gems/activerecord-2.0.2/lib/active_record/connection_adapters/sqlite_adapter.rb:132:in `execute'
    /Library/Ruby/Gems/1.8/gems/activerecord-2.0.2/lib/active_record/connection_adapters/sqlite_adapter.rb:345:in `catch_schema_changes'
    /Library/Ruby/Gems/1.8/gems/activerecord-2.0.2/lib/active_record/connection_adapters/sqlite_adapter.rb:132:in `execute'
    /Library/Ruby/Gems/1.8/gems/activerecord-2.0.2/lib/active_record/connection_adapters/sqlite_adapter.rb:256:in `select'
    /Library/Ruby/Gems/1.8/gems/activerecord-2.0.2/lib/active_record/connection_adapters/abstract/database_statements.rb:7:in `select_all_without_query_cache'
    /Library/Ruby/Gems/1.8/gems/activerecord-2.0.2/lib/active_record/connection_adapters/abstract/query_cache.rb:53:in `select_all'
    /Library/Ruby/Gems/1.8/gems/activerecord-2.0.2/lib/active_record/connection_adapters/abstract/query_cache.rb:74:in `cache_sql'
    /Library/Ruby/Gems/1.8/gems/activerecord-2.0.2/lib/active_record/connection_adapters/abstract/query_cache.rb:53:in `select_all'
    /Library/Ruby/Gems/1.8/gems/activerecord-2.0.2/lib/active_record/base.rb:532:in `find_by_sql'
    /Library/Ruby/Gems/1.8/gems/activerecord-2.0.2/lib/active_record/base.rb:1233:in `find_every'
    /Library/Ruby/Gems/1.8/gems/activerecord-2.0.2/lib/active_record/base.rb:503:in `find'
    /app/controllers/employees_controller.rb:5:in `index'
    /Library/Ruby/Gems/1.8/gems/actionpack-2.0.2/lib/action_controller/base.rb:1158:in `send'
    /Library/Ruby/Gems/1.8/gems/actionpack-2.0.2/lib/action_controller/base.rb:1158:in `perform_action_without_filters'
    /Library/Ruby/Gems/1.8/gems/actionpack-2.0.2/lib/action_controller/filters.rb:697:in `call_filters'
    /Library/Ruby/Gems/1.8/gems/actionpack-2.0.2/lib/action_controller/filters.rb:689:in `perform_action_without_benchmark'
    /Library/Ruby/Gems/1.8/gems/actionpack-2.0.2/lib/action_controller/benchmarking.rb:68:in `perform_action_without_rescue'
    /System/Library/Frameworks/Ruby.framework/Versions/1.8/usr/lib/ruby/1.8/benchmark.rb:293:in `measure'
    /Library/Ruby/Gems/1.8/gems/actionpack-2.0.2/lib/action_controller/benchmarking.rb:68:in `perform_action_without_rescue'
    /Library/Ruby/Gems/1.8/gems/actionpack-2.0.2/lib/action_controller/rescue.rb:199:in `perform_action_without_caching'
    /Library/Ruby/Gems/1.8/gems/actionpack-2.0.2/lib/action_controller/caching.rb:678:in `perform_action'
    /Library/Ruby/Gems/1.8/gems/activerecord-2.0.2/lib/active_record/connection_adapters/abstract/query_cache.rb:33:in `cache'
    /Library/Ruby/Gems/1.8/gems/activerecord-2.0.2/lib/active_record/query_cache.rb:8:in `cache'
    /Library/Ruby/Gems/1.8/gems/actionpack-2.0.2/lib/action_controller/caching.rb:677:in `perform_action'
    /Library/Ruby/Gems/1.8/gems/actionpack-2.0.2/lib/action_controller/base.rb:524:in `send'
    /Library/Ruby/Gems/1.8/gems/actionpack-2.0.2/lib/action_controller/base.rb:524:in `process_without_filters'
    /Library/Ruby/Gems/1.8/gems/actionpack-2.0.2/lib/action_controller/filters.rb:685:in `process_without_session_management_support'
    /Library/Ruby/Gems/1.8/gems/actionpack-2.0.2/lib/action_controller/session_management.rb:123:in `sass_old_process'
    /Library/Ruby/Gems/1.8/gems/haml-1.8.0/lib/sass/plugin/rails.rb:14:in `process'
    /Library/Ruby/Gems/1.8/gems/actionpack-2.0.2/lib/action_controller/base.rb:388:in `process'
    /Library/Ruby/Gems/1.8/gems/actionpack-2.0.2/lib/action_controller/dispatcher.rb:171:in `handle_request'
    /Library/Ruby/Gems/1.8/gems/actionpack-2.0.2/lib/action_controller/dispatcher.rb:115:in `dispatch'
    /Library/Ruby/Gems/1.8/gems/actionpack-2.0.2/lib/action_controller/dispatcher.rb:126:in `dispatch_cgi'
    /Library/Ruby/Gems/1.8/gems/actionpack-2.0.2/lib/action_controller/dispatcher.rb:9:in `dispatch'
    /Library/Ruby/Gems/1.8/gems/mongrel-1.1.1/bin/../lib/mongrel/rails.rb:76:in `process'
    /Library/Ruby/Gems/1.8/gems/mongrel-1.1.1/bin/../lib/mongrel/rails.rb:74:in `synchronize'
    /Library/Ruby/Gems/1.8/gems/mongrel-1.1.1/bin/../lib/mongrel/rails.rb:74:in `process'
    /Library/Ruby/Gems/1.8/gems/mongrel-1.1.1/lib/mongrel.rb:155:in `process_client'
    /Library/Ruby/Gems/1.8/gems/mongrel-1.1.1/lib/mongrel.rb:154:in `each'
    /Library/Ruby/Gems/1.8/gems/mongrel-1.1.1/lib/mongrel.rb:154:in `process_client'
    /Library/Ruby/Gems/1.8/gems/mongrel-1.1.1/lib/mongrel.rb:281:in `run'
    /Library/Ruby/Gems/1.8/gems/mongrel-1.1.1/lib/mongrel.rb:281:in `initialize'
    /Library/Ruby/Gems/1.8/gems/mongrel-1.1.1/lib/mongrel.rb:281:in `new'
    /Library/Ruby/Gems/1.8/gems/mongrel-1.1.1/lib/mongrel.rb:281:in `run'
    /Library/Ruby/Gems/1.8/gems/mongrel-1.1.1/lib/mongrel.rb:264:in `initialize'
    /Library/Ruby/Gems/1.8/gems/mongrel-1.1.1/lib/mongrel.rb:264:in `new'
    /Library/Ruby/Gems/1.8/gems/mongrel-1.1.1/lib/mongrel.rb:264:in `run'
    /Library/Ruby/Gems/1.8/gems/mongrel-1.1.1/lib/mongrel/configurator.rb:282:in `run'
    /Library/Ruby/Gems/1.8/gems/mongrel-1.1.1/lib/mongrel/configurator.rb:281:in `each'
    /Library/Ruby/Gems/1.8/gems/mongrel-1.1.1/lib/mongrel/configurator.rb:281:in `run'
    /Library/Ruby/Gems/1.8/gems/mongrel-1.1.1/bin/mongrel_rails:128:in `run'
    /Library/Ruby/Gems/1.8/gems/mongrel-1.1.1/lib/mongrel/command.rb:212:in `run'
    /Library/Ruby/Gems/1.8/gems/mongrel-1.1.1/bin/mongrel_rails:281
    /Library/Ruby/Gems/1.8/gems/activesupport-2.0.2/lib/active_support/dependencies.rb:489:in `load'
    /Library/Ruby/Gems/1.8/gems/activesupport-2.0.2/lib/active_support/dependencies.rb:489:in `load'
    /Library/Ruby/Gems/1.8/gems/activesupport-2.0.2/lib/active_support/dependencies.rb:342:in `new_constants_in'
    /Library/Ruby/Gems/1.8/gems/activesupport-2.0.2/lib/active_support/dependencies.rb:489:in `load'
    /Library/Ruby/Gems/1.8/gems/rails-2.0.2/lib/commands/servers/mongrel.rb:64
    /System/Library/Frameworks/Ruby.framework/Versions/1.8/usr/lib/ruby/1.8/rubygems/custom_require.rb:27:in `gem_original_require'
    /System/Library/Frameworks/Ruby.framework/Versions/1.8/usr/lib/ruby/1.8/rubygems/custom_require.rb:27:in `require'
    /Library/Ruby/Gems/1.8/gems/activesupport-2.0.2/lib/active_support/dependencies.rb:496:in `require'
    /Library/Ruby/Gems/1.8/gems/activesupport-2.0.2/lib/active_support/dependencies.rb:342:in `new_constants_in'
    /Library/Ruby/Gems/1.8/gems/activesupport-2.0.2/lib/active_support/dependencies.rb:496:in `require'
    /Library/Ruby/Gems/1.8/gems/rails-2.0.2/lib/commands/server.rb:39
    /System/Library/Frameworks/Ruby.framework/Versions/1.8/usr/lib/ruby/1.8/rubygems/custom_require.rb:27:in `gem_original_require'
    /System/Library/Frameworks/Ruby.framework/Versions/1.8/usr/lib/ruby/1.8/rubygems/custom_require.rb:27:in `require'
    ./script/server:3

Rendering /Library/Ruby/Gems/1.8/gems/actionpack-2.0.2/lib/action_controller/templates/rescues/layout.erb (internal_server_error)
  [4;36;1mSQL (0.000285)[0m   [0;1mselect sqlite_version(*)[0m
  [4;35;1mSQL (0.004340)[0m   [0mCREATE TABLE schema_info (version integer)[0m
  [4;36;1mSQL (0.002901)[0m   [0;1mINSERT INTO schema_info (version) VALUES(0)[0m
  [4;35;1mSQL (0.000000)[0m   [0mSQLite3::SQLException: table schema_info already exists: CREATE TABLE schema_info (version integer)[0m
  [4;36;1mSQL (0.000446)[0m   [0;1mSELECT version FROM schema_info[0m
Migrating to CreateEmployees (1)
  [4;35;1mSQL (0.003018)[0m   [0mCREATE TABLE employees ("id" INTEGER PRIMARY KEY AUTOINCREMENT NOT NULL, "name" varchar(255) DEFAULT NULL, "time_zone" integer DEFAULT NULL, "extension" varchar(255) DEFAULT NULL, "created_at" datetime DEFAULT NULL, "updated_at" datetime DEFAULT NULL) [0m
  [4;36;1mSQL (0.002739)[0m   [0;1mUPDATE schema_info SET version = 1[0m
  [4;35;1mSQL (0.000394)[0m   [0mSELECT * FROM schema_info[0m
  [4;36;1mSQL (0.000452)[0m   [0;1m SELECT name
 FROM sqlite_master
 WHERE type = 'table' AND NOT name = 'sqlite_sequence'
[0m
  [4;35;1mSQL (0.000096)[0m   [0mPRAGMA index_list(employees)[0m


Processing EmployeesController#index (for 127.0.0.1 at 2008-01-11 09:58:04) [GET]
  Session ID: BAh7BiIKZmxhc2hJQzonQWN0aW9uQ29udHJvbGxlcjo6Rmxhc2g6OkZsYXNo%0ASGFzaHsABjoKQHVzZWR7AA%3D%3D--5d572432531f9ae7ec17c72d58900c346c9d75e9
  Parameters: {"action"=>"index", "controller"=>"employees"}
  [4;35;1mEmployee Load (0.000447)[0m   [0mSELECT * FROM employees [0m
Rendering template within layouts/employees
Rendering employees/index
Completed in 0.00990 (100 reqs/sec) | Rendering: 0.00364 (36%) | DB: 0.00045 (4%) | 200 OK [http://localhost/employees]
